app/build/outputs/logs/manifest-merger-debug-report.txt
-- Merging decision tree log ---
manifest
ADDED from src\main\AndroidManifest.xml:2:1-67:12
	package
		ADDED from src\main\AndroidManifest.xml:3:5-43
		INJECTED from src\main\AndroidManifest.xml
		INJECTED from src\main\AndroidManifest.xml
	android:versionName
		ADDED from src\main\AndroidManifest.xml:6:5-32
		INJECTED from src\main\AndroidManifest.xml
		INJECTED from src\main\AndroidManifest.xml
	android:versionCode
		ADDED from src\main\AndroidManifest.xml:7:5-31
		INJECTED from src\main\AndroidManifest.xml
		INJECTED from src\main\AndroidManifest.xml
	android:vmSafeMode
		ADDED from src\main\AndroidManifest.xml:5:5-31
	xmlns:android
		ADDED from src\main\AndroidManifest.xml:2:11-69
	android:installLocation
		ADDED from src\main\AndroidManifest.xml:4:5-35
uses-permission#android.permission.ACCESS_FINE_LOCATION
ADDED from src\main\AndroidManifest.xml:8:5-78
	android:name
		ADDED from src\main\AndroidManifest.xml:8:22-76
uses-permission#android.permission.WAKE_LOCK
ADDED from src\main\AndroidManifest.xml:9:5-67
	android:name
		ADDED from src\main\AndroidManifest.xml:9:22-65
uses-permission#android.permission.WRITE_EXTERNAL_STORAGE
ADDED from src\main\AndroidManifest.xml:10:5-97
	android:name
		ADDED from src\main\AndroidManifest.xml:10:22-78
uses-permission#android.permission.WRITE_SETTINGS
ADDED from src\main\AndroidManifest.xml:11:5-72
	android:name
		ADDED from src\main\AndroidManifest.xml:11:22-70
uses-permission#android.permission.INTERNET
ADDED from src\main\AndroidManifest.xml:12:5-66
	android:name
		ADDED from src\main\AndroidManifest.xml:12:22-64
uses-permission#android.permission.BLUETOOTH
ADDED from src\main\AndroidManifest.xml:13:5-84
	android:name
		ADDED from src\main\AndroidManifest.xml:13:22-65
uses-permission#android.permission.ACCESS_NETWORK_STATE
ADDED from src\main\AndroidManifest.xml:16:5-78
	android:name
		ADDED from src\main\AndroidManifest.xml:16:22-76
uses-feature#android.hardware.location.gps
ADDED from src\main\AndroidManifest.xml:17:5-66
	android:name
		ADDED from src\main\AndroidManifest.xml:17:19-63
uses-sdk
ADDED from src\main\AndroidManifest.xml:18:5-43
	android:targetSdkVersion
		INJECTED from src\main\AndroidManifest.xml
		INJECTED from src\main\AndroidManifest.xml
	android:minSdkVersion
		ADDED from src\main\AndroidManifest.xml:18:15-41
		INJECTED from src\main\AndroidManifest.xml
		INJECTED from src\main\AndroidManifest.xml
application
ADDED from src\main\AndroidManifest.xml:19:5-60:15
	android:label
		ADDED from src\main\AndroidManifest.xml:19:18-50
	android:icon
		ADDED from src\main\AndroidManifest.xml:20:7-43
	android:name
		ADDED from src\main\AndroidManifest.xml:21:7-42
activity#com.google.android.stardroid.activities.SplashScreenActivity
ADDED from src\main\AndroidManifest.xml:23:5-31:16
	android:screenOrientation
		ADDED from src\main\AndroidManifest.xml:25:7-43
	android:label
		ADDED from src\main\AndroidManifest.xml:26:7-39
	android:theme
		ADDED from src\main\AndroidManifest.xml:24:7-65
	android:name
		ADDED from src\main\AndroidManifest.xml:23:15-62
intent-filter#android.intent.action.MAIN+android.intent.category.LAUNCHER
ADDED from src\main\AndroidManifest.xml:27:7-30:23
action#android.intent.action.MAIN
ADDED from src\main\AndroidManifest.xml:28:9-60
	android:name
		ADDED from src\main\AndroidManifest.xml:28:17-58
category#android.intent.category.LAUNCHER
ADDED from src\main\AndroidManifest.xml:29:9-68
	android:name
		ADDED from src\main\AndroidManifest.xml:29:19-66
activity#com.google.android.stardroid.activities.DynamicStarMapActivity
ADDED from src\main\AndroidManifest.xml:33:5-45:16
	android:screenOrientation
		ADDED from src\main\AndroidManifest.xml:37:7-43
	android:label
		ADDED from src\main\AndroidManifest.xml:35:7-39
	android:launchMode
		ADDED from src\main\AndroidManifest.xml:36:7-38
	android:configChanges
		ADDED from src\main\AndroidManifest.xml:38:7-57
	android:theme
		ADDED from src\main\AndroidManifest.xml:34:7-65
	android:name
		ADDED from src\main\AndroidManifest.xml:33:15-64
intent-filter#android.intent.action.SEARCH+android.intent.category.DEFAULT
ADDED from src\main\AndroidManifest.xml:39:7-42:23
action#android.intent.action.SEARCH
ADDED from src\main\AndroidManifest.xml:40:9-63
	android:name
		ADDED from src\main\AndroidManifest.xml:40:17-60
category#android.intent.category.DEFAULT
ADDED from src\main\AndroidManifest.xml:41:9-67
	android:name
		ADDED from src\main\AndroidManifest.xml:41:19-65
meta-data#android.app.searchable
ADDED from src\main\AndroidManifest.xml:43:7-44:46
	android:resource
		ADDED from src\main\AndroidManifest.xml:44:9-43
	android:name
		ADDED from src\main\AndroidManifest.xml:43:18-55
activity#com.google.android.stardroid.activities.EditSettingsActivity
ADDED from src\main\AndroidManifest.xml:47:5-64
	android:name
		ADDED from src\main\AndroidManifest.xml:47:15-62
activity#com.google.android.stardroid.activities.ImageGalleryActivity
ADDED from src\main\AndroidManifest.xml:48:5-49:67
	android:theme
		ADDED from src\main\AndroidManifest.xml:49:7-65
	android:name
		ADDED from src\main\AndroidManifest.xml:48:15-62
activity#com.google.android.stardroid.activities.ImageDisplayActivity
ADDED from src\main\AndroidManifest.xml:50:5-52:67
	android:screenOrientation
		ADDED from src\main\AndroidManifest.xml:51:7-43
	android:theme
		ADDED from src\main\AndroidManifest.xml:52:7-65
	android:name
		ADDED from src\main\AndroidManifest.xml:50:15-62
provider#com.google.android.stardroid.search.SearchTermsProvider
ADDED from src\main\AndroidManifest.xml:55:5-57:33
	android:authorities
		ADDED from src\main\AndroidManifest.xml:56:7-69
	android:syncable
		ADDED from src\main\AndroidManifest.xml:57:7-31
	android:name
		ADDED from src\main\AndroidManifest.xml:55:15-85
supports-screens
ADDED from src\main\AndroidManifest.xml:61:5-66:35
	android:largeScreens
		ADDED from src\main\AndroidManifest.xml:63:7-34
	android:smallScreens
		ADDED from src\main\AndroidManifest.xml:65:7-34
	android:normalScreens
		ADDED from src\main\AndroidManifest.xml:64:7-35
	android:xlargeScreens
		ADDED from src\main\AndroidManifest.xml:62:7-35
	android:anyDensity
		ADDED from src\main\AndroidManifest.xml:66:7-32